2025-10-30 16:53:58,351 - __main__ - ERROR - Failed to convert DataFrame to Excel bytes: At least one sheet must be visible
2025-10-30 16:54:56,948 - __main__ - ERROR - Failed to convert DataFrame to Excel bytes: At least one sheet must be visible
2025-10-30 16:55:20,931 - __main__ - ERROR - Failed to convert DataFrame to Excel bytes: At least one sheet must be visible
2025-10-30 16:55:33,109 - __main__ - ERROR - Failed to convert DataFrame to Excel bytes: At least one sheet must be visible
2025-10-30 16:55:49,255 - __main__ - ERROR - Failed to convert DataFrame to Excel bytes: At least one sheet must be visible
2025-10-30 16:56:53,285 - __main__ - ERROR - Failed to convert DataFrame to Excel bytes: At least one sheet must be visible
2025-10-30 16:57:10,204 - __main__ - ERROR - Failed to convert DataFrame to Excel bytes: At least one sheet must be visible
2025-10-31 16:07:41,095 - __main__ - INFO - Loaded 4 issues from JIRA
2025-10-31 16:08:21,715 - __main__ - INFO - Loaded 4 issues from JIRA
2025-10-31 16:09:37,651 - __main__ - INFO - Loaded 4 issues from JIRA
2025-10-31 16:12:52,241 - __main__ - INFO - Loaded 4 issues from JIRA
2025-10-31 16:32:45,789 - __main__ - WARNING - Could not fetch current user: cannot import name '_create_api_client' from 'api.platform' (C:\Users\rafael.hernandez\Downloads\salesjira_utf8\salesjira_utf8\api\platform.py)
2025-10-31 16:32:45,809 - __main__ - INFO - Project key: MSM
2025-10-31 16:32:45,809 - __main__ - WARNING - Could not fetch project name: cannot import name '_create_api_client' from 'api.platform' (C:\Users\rafael.hernandez\Downloads\salesjira_utf8\salesjira_utf8\api\platform.py)
2025-10-31 16:32:46,715 - __main__ - INFO - Loaded 4 issues
2025-10-31 16:33:01,415 - __main__ - WARNING - Could not fetch current user: cannot import name '_create_api_client' from 'api.platform' (C:\Users\rafael.hernandez\Downloads\salesjira_utf8\salesjira_utf8\api\platform.py)
2025-10-31 16:33:01,435 - __main__ - INFO - Project key: MSM
2025-10-31 16:33:01,436 - __main__ - WARNING - Could not fetch project name: cannot import name '_create_api_client' from 'api.platform' (C:\Users\rafael.hernandez\Downloads\salesjira_utf8\salesjira_utf8\api\platform.py)
2025-10-31 16:33:01,441 - __main__ - INFO - Project key: MSM
2025-10-31 16:33:01,441 - __main__ - WARNING - Could not fetch project name: cannot import name '_create_api_client' from 'api.platform' (C:\Users\rafael.hernandez\Downloads\salesjira_utf8\salesjira_utf8\api\platform.py)
2025-10-31 16:33:21,121 - __main__ - INFO - Project key: MSM
2025-10-31 16:33:21,122 - __main__ - WARNING - Could not fetch project name: cannot import name '_create_api_client' from 'api.platform' (C:\Users\rafael.hernandez\Downloads\salesjira_utf8\salesjira_utf8\api\platform.py)
2025-10-31 16:33:22,440 - __main__ - WARNING - Could not fetch current user: cannot import name '_create_api_client' from 'api.platform' (C:\Users\rafael.hernandez\Downloads\salesjira_utf8\salesjira_utf8\api\platform.py)
2025-10-31 16:33:22,461 - __main__ - INFO - Project key: MSM
2025-10-31 16:33:22,462 - __main__ - WARNING - Could not fetch project name: cannot import name '_create_api_client' from 'api.platform' (C:\Users\rafael.hernandez\Downloads\salesjira_utf8\salesjira_utf8\api\platform.py)
2025-10-31 16:33:22,467 - __main__ - INFO - Project key: MSM
2025-10-31 16:33:22,468 - __main__ - WARNING - Could not fetch project name: cannot import name '_create_api_client' from 'api.platform' (C:\Users\rafael.hernandez\Downloads\salesjira_utf8\salesjira_utf8\api\platform.py)
2025-10-31 16:33:37,388 - __main__ - WARNING - Could not fetch current user: cannot import name '_create_api_client' from 'api.platform' (C:\Users\rafael.hernandez\Downloads\salesjira_utf8\salesjira_utf8\api\platform.py)
2025-10-31 16:33:37,409 - __main__ - INFO - Project key: MSM
2025-10-31 16:33:37,409 - __main__ - WARNING - Could not fetch project name: cannot import name '_create_api_client' from 'api.platform' (C:\Users\rafael.hernandez\Downloads\salesjira_utf8\salesjira_utf8\api\platform.py)
2025-10-31 16:33:37,414 - __main__ - INFO - Project key: MSM
2025-10-31 16:33:37,415 - __main__ - WARNING - Could not fetch project name: cannot import name '_create_api_client' from 'api.platform' (C:\Users\rafael.hernandez\Downloads\salesjira_utf8\salesjira_utf8\api\platform.py)
2025-10-31 16:36:35,840 - __main__ - WARNING - Could not fetch current user: cannot import name '_create_api_client' from 'api.platform' (C:\Users\rafael.hernandez\Downloads\salesjira_utf8\salesjira_utf8\api\platform.py)
2025-10-31 16:36:35,853 - __main__ - INFO - Project key: MSM
2025-10-31 16:36:35,853 - __main__ - WARNING - Could not fetch project name: cannot import name '_create_api_client' from 'api.platform' (C:\Users\rafael.hernandez\Downloads\salesjira_utf8\salesjira_utf8\api\platform.py)
2025-10-31 16:36:35,857 - __main__ - INFO - Project key: MSM
2025-10-31 16:36:35,858 - __main__ - WARNING - Could not fetch project name: cannot import name '_create_api_client' from 'api.platform' (C:\Users\rafael.hernandez\Downloads\salesjira_utf8\salesjira_utf8\api\platform.py)
2025-10-31 16:36:46,649 - __main__ - WARNING - Could not fetch current user: cannot import name '_create_api_client' from 'api.platform' (C:\Users\rafael.hernandez\Downloads\salesjira_utf8\salesjira_utf8\api\platform.py)
2025-10-31 16:36:46,667 - __main__ - INFO - Project key: MSM
2025-10-31 16:36:46,667 - __main__ - WARNING - Could not fetch project name: cannot import name '_create_api_client' from 'api.platform' (C:\Users\rafael.hernandez\Downloads\salesjira_utf8\salesjira_utf8\api\platform.py)
2025-10-31 16:36:46,671 - __main__ - INFO - Project key: MSM
2025-10-31 16:36:46,671 - __main__ - WARNING - Could not fetch project name: cannot import name '_create_api_client' from 'api.platform' (C:\Users\rafael.hernandez\Downloads\salesjira_utf8\salesjira_utf8\api\platform.py)
2025-10-31 16:36:47,664 - __main__ - INFO - Normalized columns: ['prioridad', 'resumen', 'descripcion', 'asignado_a', 'creado', 'actualizado', 'reportero']
2025-10-31 16:36:47,665 - __main__ - INFO - Loaded and normalized 4 issues with columns: ['key', 'resumen', 'descripcion', 'estado', 'asignado_a', 'prioridad', 'issuetype', 'creado', 'actualizado', 'reportero', 'project', 'labels', 'url', 'clave', 'resumen', 'asignado_a', 'prioridad', 'creado', 'actualizado']
2025-10-31 16:37:03,512 - __main__ - WARNING - Could not fetch current user: cannot import name '_create_api_client' from 'api.platform' (C:\Users\rafael.hernandez\Downloads\salesjira_utf8\salesjira_utf8\api\platform.py)
2025-10-31 16:37:03,529 - __main__ - INFO - Project key: MSM
2025-10-31 16:37:03,530 - __main__ - WARNING - Could not fetch project name: cannot import name '_create_api_client' from 'api.platform' (C:\Users\rafael.hernandez\Downloads\salesjira_utf8\salesjira_utf8\api\platform.py)
2025-10-31 16:37:03,532 - __main__ - INFO - Project key: MSM
2025-10-31 16:37:03,533 - __main__ - WARNING - Could not fetch project name: cannot import name '_create_api_client' from 'api.platform' (C:\Users\rafael.hernandez\Downloads\salesjira_utf8\salesjira_utf8\api\platform.py)
2025-10-31 16:37:03,535 - __main__ - INFO - Loaded 4 issues
2025-10-31 16:37:03,536 - __main__ - INFO - DataFrame columns: ['key', 'resumen', 'descripcion', 'estado', 'asignado_a', 'prioridad', 'issuetype', 'creado', 'actualizado', 'reportero', 'project', 'labels', 'url', 'clave', 'resumen', 'asignado_a', 'prioridad', 'creado', 'actualizado']
2025-10-31 16:37:03,536 - __main__ - INFO - DataFrame shape: (4, 19)
2025-10-31 16:37:27,941 - __main__ - WARNING - Could not fetch current user: cannot import name '_create_api_client' from 'api.platform' (C:\Users\rafael.hernandez\Downloads\salesjira_utf8\salesjira_utf8\api\platform.py)
2025-10-31 16:37:27,961 - __main__ - INFO - Project key: MSM
2025-10-31 16:37:27,962 - __main__ - WARNING - Could not fetch project name: cannot import name '_create_api_client' from 'api.platform' (C:\Users\rafael.hernandez\Downloads\salesjira_utf8\salesjira_utf8\api\platform.py)
2025-10-31 16:37:27,965 - __main__ - INFO - Project key: MSM
2025-10-31 16:37:27,966 - __main__ - WARNING - Could not fetch project name: cannot import name '_create_api_client' from 'api.platform' (C:\Users\rafael.hernandez\Downloads\salesjira_utf8\salesjira_utf8\api\platform.py)
2025-10-31 16:37:27,969 - __main__ - INFO - Loaded 4 issues
2025-10-31 16:37:27,969 - __main__ - INFO - DataFrame columns: ['key', 'resumen', 'descripcion', 'estado', 'asignado_a', 'prioridad', 'issuetype', 'creado', 'actualizado', 'reportero', 'project', 'labels', 'url', 'clave', 'resumen', 'asignado_a', 'prioridad', 'creado', 'actualizado']
2025-10-31 16:37:27,969 - __main__ - INFO - DataFrame shape: (4, 19)
2025-10-31 16:37:44,723 - __main__ - WARNING - Could not fetch current user: cannot import name '_create_api_client' from 'api.platform' (C:\Users\rafael.hernandez\Downloads\salesjira_utf8\salesjira_utf8\api\platform.py)
2025-10-31 16:37:44,741 - __main__ - INFO - Project key: MSM
2025-10-31 16:37:44,741 - __main__ - WARNING - Could not fetch project name: cannot import name '_create_api_client' from 'api.platform' (C:\Users\rafael.hernandez\Downloads\salesjira_utf8\salesjira_utf8\api\platform.py)
2025-10-31 16:37:44,744 - __main__ - INFO - Project key: MSM
2025-10-31 16:37:44,744 - __main__ - WARNING - Could not fetch project name: cannot import name '_create_api_client' from 'api.platform' (C:\Users\rafael.hernandez\Downloads\salesjira_utf8\salesjira_utf8\api\platform.py)
2025-10-31 16:37:44,747 - __main__ - INFO - Loaded 4 issues
2025-10-31 16:37:44,747 - __main__ - INFO - DataFrame columns: ['key', 'resumen', 'descripcion', 'estado', 'asignado_a', 'prioridad', 'issuetype', 'creado', 'actualizado', 'reportero', 'project', 'labels', 'url', 'clave', 'resumen', 'asignado_a', 'prioridad', 'creado', 'actualizado']
2025-10-31 16:37:44,748 - __main__ - INFO - DataFrame shape: (4, 19)
2025-10-31 16:38:02,454 - __main__ - WARNING - Could not fetch current user: cannot import name '_create_api_client' from 'api.platform' (C:\Users\rafael.hernandez\Downloads\salesjira_utf8\salesjira_utf8\api\platform.py)
2025-10-31 16:38:02,470 - __main__ - INFO - Project key: MSM
2025-10-31 16:38:02,471 - __main__ - WARNING - Could not fetch project name: cannot import name '_create_api_client' from 'api.platform' (C:\Users\rafael.hernandez\Downloads\salesjira_utf8\salesjira_utf8\api\platform.py)
2025-10-31 16:38:02,476 - __main__ - INFO - Loaded 4 issues
2025-10-31 16:38:02,476 - __main__ - INFO - DataFrame columns: ['key', 'resumen', 'descripcion', 'estado', 'asignado_a', 'prioridad', 'issuetype', 'creado', 'actualizado', 'reportero', 'project', 'labels', 'url', 'clave', 'resumen', 'asignado_a', 'prioridad', 'creado', 'actualizado']
2025-10-31 16:38:02,476 - __main__ - INFO - DataFrame shape: (4, 19)
2025-10-31 16:38:02,487 - __main__ - INFO - After search: 4 issues (search term: '')
2025-10-31 16:38:02,487 - __main__ - INFO - After basic filters: 4 issues
2025-10-31 16:38:25,035 - __main__ - WARNING - Could not fetch current user: cannot import name '_create_api_client' from 'api.platform' (C:\Users\rafael.hernandez\Downloads\salesjira_utf8\salesjira_utf8\api\platform.py)
2025-10-31 16:38:25,055 - __main__ - INFO - Project key: MSM
2025-10-31 16:38:25,056 - __main__ - WARNING - Could not fetch project name: cannot import name '_create_api_client' from 'api.platform' (C:\Users\rafael.hernandez\Downloads\salesjira_utf8\salesjira_utf8\api\platform.py)
2025-10-31 16:38:25,059 - __main__ - INFO - Project key: MSM
2025-10-31 16:38:25,060 - __main__ - WARNING - Could not fetch project name: cannot import name '_create_api_client' from 'api.platform' (C:\Users\rafael.hernandez\Downloads\salesjira_utf8\salesjira_utf8\api\platform.py)
2025-10-31 16:38:25,063 - __main__ - INFO - Loaded 4 issues
2025-10-31 16:38:25,063 - __main__ - INFO - DataFrame columns: ['key', 'resumen', 'descripcion', 'estado', 'asignado_a', 'prioridad', 'issuetype', 'creado', 'actualizado', 'reportero', 'project', 'labels', 'url', 'clave', 'resumen', 'asignado_a', 'prioridad', 'creado', 'actualizado']
2025-10-31 16:38:25,064 - __main__ - INFO - DataFrame shape: (4, 19)
2025-10-31 16:38:25,071 - __main__ - INFO - After search: 4 issues (search term: '')
2025-10-31 16:38:25,072 - __main__ - INFO - After basic filters: 4 issues
2025-10-31 16:38:25,185 - __main__ - WARNING - Could not fetch current user: cannot import name '_create_api_client' from 'api.platform' (C:\Users\rafael.hernandez\Downloads\salesjira_utf8\salesjira_utf8\api\platform.py)
2025-10-31 16:38:25,210 - __main__ - INFO - Project key: MSM
2025-10-31 16:38:25,210 - __main__ - WARNING - Could not fetch project name: cannot import name '_create_api_client' from 'api.platform' (C:\Users\rafael.hernandez\Downloads\salesjira_utf8\salesjira_utf8\api\platform.py)
2025-10-31 16:38:25,214 - __main__ - INFO - Project key: MSM
2025-10-31 16:38:25,215 - __main__ - WARNING - Could not fetch project name: cannot import name '_create_api_client' from 'api.platform' (C:\Users\rafael.hernandez\Downloads\salesjira_utf8\salesjira_utf8\api\platform.py)
2025-10-31 16:38:25,219 - __main__ - INFO - Loaded 4 issues
2025-10-31 16:38:25,220 - __main__ - INFO - DataFrame columns: ['key', 'resumen', 'descripcion', 'estado', 'asignado_a', 'prioridad', 'issuetype', 'creado', 'actualizado', 'reportero', 'project', 'labels', 'url', 'clave', 'resumen', 'asignado_a', 'prioridad', 'creado', 'actualizado']
2025-10-31 16:38:25,220 - __main__ - INFO - DataFrame shape: (4, 19)
2025-10-31 16:38:25,226 - __main__ - INFO - After search: 4 issues (search term: '')
2025-10-31 16:38:25,227 - __main__ - INFO - After basic filters: 4 issues
2025-10-31 16:38:27,330 - __main__ - WARNING - Could not fetch current user: cannot import name '_create_api_client' from 'api.platform' (C:\Users\rafael.hernandez\Downloads\salesjira_utf8\salesjira_utf8\api\platform.py)
2025-10-31 16:38:27,347 - __main__ - INFO - Project key: MSM
2025-10-31 16:38:27,348 - __main__ - WARNING - Could not fetch project name: cannot import name '_create_api_client' from 'api.platform' (C:\Users\rafael.hernandez\Downloads\salesjira_utf8\salesjira_utf8\api\platform.py)
2025-10-31 16:38:27,350 - __main__ - INFO - Project key: MSM
2025-10-31 16:38:27,350 - __main__ - WARNING - Could not fetch project name: cannot import name '_create_api_client' from 'api.platform' (C:\Users\rafael.hernandez\Downloads\salesjira_utf8\salesjira_utf8\api\platform.py)
2025-10-31 16:38:27,353 - __main__ - INFO - Loaded 4 issues
2025-10-31 16:38:27,354 - __main__ - INFO - DataFrame columns: ['key', 'resumen', 'descripcion', 'estado', 'asignado_a', 'prioridad', 'issuetype', 'creado', 'actualizado', 'reportero', 'project', 'labels', 'url', 'clave', 'resumen', 'asignado_a', 'prioridad', 'creado', 'actualizado']
2025-10-31 16:38:27,355 - __main__ - INFO - DataFrame shape: (4, 19)
2025-10-31 16:38:27,362 - __main__ - INFO - After search: 4 issues (search term: '')
2025-10-31 16:38:27,363 - __main__ - INFO - After basic filters: 4 issues
2025-10-31 16:38:27,488 - __main__ - WARNING - Could not fetch current user: cannot import name '_create_api_client' from 'api.platform' (C:\Users\rafael.hernandez\Downloads\salesjira_utf8\salesjira_utf8\api\platform.py)
2025-10-31 16:38:27,508 - __main__ - INFO - Project key: MSM
2025-10-31 16:38:27,508 - __main__ - WARNING - Could not fetch project name: cannot import name '_create_api_client' from 'api.platform' (C:\Users\rafael.hernandez\Downloads\salesjira_utf8\salesjira_utf8\api\platform.py)
2025-10-31 16:38:27,510 - __main__ - INFO - Project key: MSM
2025-10-31 16:38:27,511 - __main__ - WARNING - Could not fetch project name: cannot import name '_create_api_client' from 'api.platform' (C:\Users\rafael.hernandez\Downloads\salesjira_utf8\salesjira_utf8\api\platform.py)
2025-10-31 16:38:27,514 - __main__ - INFO - Loaded 4 issues
2025-10-31 16:38:27,515 - __main__ - INFO - DataFrame columns: ['key', 'resumen', 'descripcion', 'estado', 'asignado_a', 'prioridad', 'issuetype', 'creado', 'actualizado', 'reportero', 'project', 'labels', 'url', 'clave', 'resumen', 'asignado_a', 'prioridad', 'creado', 'actualizado']
2025-10-31 16:38:27,515 - __main__ - INFO - DataFrame shape: (4, 19)
2025-10-31 16:38:27,524 - __main__ - INFO - After search: 4 issues (search term: '')
2025-10-31 16:38:27,525 - __main__ - INFO - After basic filters: 4 issues
2025-10-31 16:38:38,274 - __main__ - WARNING - Could not fetch current user: cannot import name '_create_api_client' from 'api.platform' (C:\Users\rafael.hernandez\Downloads\salesjira_utf8\salesjira_utf8\api\platform.py)
2025-10-31 16:38:38,287 - __main__ - INFO - Project key: MSM
2025-10-31 16:38:38,288 - __main__ - WARNING - Could not fetch project name: cannot import name '_create_api_client' from 'api.platform' (C:\Users\rafael.hernandez\Downloads\salesjira_utf8\salesjira_utf8\api\platform.py)
2025-10-31 16:38:38,290 - __main__ - INFO - Project key: MSM
2025-10-31 16:38:38,290 - __main__ - WARNING - Could not fetch project name: cannot import name '_create_api_client' from 'api.platform' (C:\Users\rafael.hernandez\Downloads\salesjira_utf8\salesjira_utf8\api\platform.py)
2025-10-31 16:38:38,292 - __main__ - INFO - Loaded 4 issues
2025-10-31 16:38:38,293 - __main__ - INFO - DataFrame columns: ['key', 'resumen', 'descripcion', 'estado', 'asignado_a', 'prioridad', 'issuetype', 'creado', 'actualizado', 'reportero', 'project', 'labels', 'url', 'clave', 'resumen', 'asignado_a', 'prioridad', 'creado', 'actualizado']
2025-10-31 16:38:38,293 - __main__ - INFO - DataFrame shape: (4, 19)
2025-10-31 16:38:38,298 - __main__ - INFO - After search: 4 issues (search term: '')
2025-10-31 16:38:38,299 - __main__ - INFO - After basic filters: 4 issues
2025-10-31 16:38:38,427 - __main__ - WARNING - Could not fetch current user: cannot import name '_create_api_client' from 'api.platform' (C:\Users\rafael.hernandez\Downloads\salesjira_utf8\salesjira_utf8\api\platform.py)
2025-10-31 16:38:38,461 - __main__ - INFO - Project key: MSM
2025-10-31 16:38:38,462 - __main__ - WARNING - Could not fetch project name: cannot import name '_create_api_client' from 'api.platform' (C:\Users\rafael.hernandez\Downloads\salesjira_utf8\salesjira_utf8\api\platform.py)
2025-10-31 16:38:38,468 - __main__ - INFO - Project key: MSM
2025-10-31 16:38:38,470 - __main__ - WARNING - Could not fetch project name: cannot import name '_create_api_client' from 'api.platform' (C:\Users\rafael.hernandez\Downloads\salesjira_utf8\salesjira_utf8\api\platform.py)
2025-10-31 16:38:38,475 - __main__ - INFO - Loaded 4 issues
2025-10-31 16:38:38,476 - __main__ - INFO - DataFrame columns: ['key', 'resumen', 'descripcion', 'estado', 'asignado_a', 'prioridad', 'issuetype', 'creado', 'actualizado', 'reportero', 'project', 'labels', 'url', 'clave', 'resumen', 'asignado_a', 'prioridad', 'creado', 'actualizado']
2025-10-31 16:38:38,476 - __main__ - INFO - DataFrame shape: (4, 19)
2025-10-31 16:38:38,488 - __main__ - INFO - After search: 4 issues (search term: '')
2025-10-31 16:38:38,489 - __main__ - INFO - After basic filters: 4 issues
2025-10-31 16:38:38,929 - __main__ - WARNING - Could not fetch current user: cannot import name '_create_api_client' from 'api.platform' (C:\Users\rafael.hernandez\Downloads\salesjira_utf8\salesjira_utf8\api\platform.py)
2025-10-31 16:38:38,946 - __main__ - INFO - Project key: MSM
2025-10-31 16:38:38,947 - __main__ - WARNING - Could not fetch project name: cannot import name '_create_api_client' from 'api.platform' (C:\Users\rafael.hernandez\Downloads\salesjira_utf8\salesjira_utf8\api\platform.py)
2025-10-31 16:38:38,950 - __main__ - INFO - Project key: MSM
2025-10-31 16:38:38,950 - __main__ - WARNING - Could not fetch project name: cannot import name '_create_api_client' from 'api.platform' (C:\Users\rafael.hernandez\Downloads\salesjira_utf8\salesjira_utf8\api\platform.py)
2025-10-31 16:38:38,953 - __main__ - INFO - Loaded 4 issues
2025-10-31 16:38:38,953 - __main__ - INFO - DataFrame columns: ['key', 'resumen', 'descripcion', 'estado', 'asignado_a', 'prioridad', 'issuetype', 'creado', 'actualizado', 'reportero', 'project', 'labels', 'url', 'clave', 'resumen', 'asignado_a', 'prioridad', 'creado', 'actualizado']
2025-10-31 16:38:38,954 - __main__ - INFO - DataFrame shape: (4, 19)
2025-10-31 16:38:38,960 - __main__ - INFO - After search: 4 issues (search term: '')
2025-10-31 16:38:38,961 - __main__ - INFO - After basic filters: 4 issues
2025-10-31 16:38:39,055 - __main__ - WARNING - Could not fetch current user: cannot import name '_create_api_client' from 'api.platform' (C:\Users\rafael.hernandez\Downloads\salesjira_utf8\salesjira_utf8\api\platform.py)
2025-10-31 16:38:39,073 - __main__ - INFO - Project key: MSM
2025-10-31 16:38:39,073 - __main__ - WARNING - Could not fetch project name: cannot import name '_create_api_client' from 'api.platform' (C:\Users\rafael.hernandez\Downloads\salesjira_utf8\salesjira_utf8\api\platform.py)
2025-10-31 16:38:39,076 - __main__ - INFO - Project key: MSM
2025-10-31 16:38:39,077 - __main__ - WARNING - Could not fetch project name: cannot import name '_create_api_client' from 'api.platform' (C:\Users\rafael.hernandez\Downloads\salesjira_utf8\salesjira_utf8\api\platform.py)
2025-10-31 16:38:39,081 - __main__ - INFO - Loaded 4 issues
2025-10-31 16:38:39,082 - __main__ - INFO - DataFrame columns: ['key', 'resumen', 'descripcion', 'estado', 'asignado_a', 'prioridad', 'issuetype', 'creado', 'actualizado', 'reportero', 'project', 'labels', 'url', 'clave', 'resumen', 'asignado_a', 'prioridad', 'creado', 'actualizado']
2025-10-31 16:38:39,082 - __main__ - INFO - DataFrame shape: (4, 19)
2025-10-31 16:38:39,090 - __main__ - INFO - After search: 4 issues (search term: '')
2025-10-31 16:38:39,091 - __main__ - INFO - After basic filters: 4 issues
2025-10-31 16:38:39,297 - __main__ - WARNING - Could not fetch current user: cannot import name '_create_api_client' from 'api.platform' (C:\Users\rafael.hernandez\Downloads\salesjira_utf8\salesjira_utf8\api\platform.py)
2025-10-31 16:38:39,314 - __main__ - INFO - Project key: MSM
2025-10-31 16:38:39,315 - __main__ - WARNING - Could not fetch project name: cannot import name '_create_api_client' from 'api.platform' (C:\Users\rafael.hernandez\Downloads\salesjira_utf8\salesjira_utf8\api\platform.py)
2025-10-31 16:38:39,318 - __main__ - INFO - Project key: MSM
2025-10-31 16:38:39,318 - __main__ - WARNING - Could not fetch project name: cannot import name '_create_api_client' from 'api.platform' (C:\Users\rafael.hernandez\Downloads\salesjira_utf8\salesjira_utf8\api\platform.py)
2025-10-31 16:38:39,322 - __main__ - INFO - Loaded 4 issues
2025-10-31 16:38:39,322 - __main__ - INFO - DataFrame columns: ['key', 'resumen', 'descripcion', 'estado', 'asignado_a', 'prioridad', 'issuetype', 'creado', 'actualizado', 'reportero', 'project', 'labels', 'url', 'clave', 'resumen', 'asignado_a', 'prioridad', 'creado', 'actualizado']
2025-10-31 16:38:39,322 - __main__ - INFO - DataFrame shape: (4, 19)
2025-10-31 16:38:39,329 - __main__ - INFO - After search: 4 issues (search term: '')
2025-10-31 16:38:39,329 - __main__ - INFO - After basic filters: 4 issues
2025-10-31 16:38:39,423 - __main__ - WARNING - Could not fetch current user: cannot import name '_create_api_client' from 'api.platform' (C:\Users\rafael.hernandez\Downloads\salesjira_utf8\salesjira_utf8\api\platform.py)
2025-10-31 16:38:39,447 - __main__ - INFO - Project key: MSM
2025-10-31 16:38:39,448 - __main__ - WARNING - Could not fetch project name: cannot import name '_create_api_client' from 'api.platform' (C:\Users\rafael.hernandez\Downloads\salesjira_utf8\salesjira_utf8\api\platform.py)
2025-10-31 16:38:39,453 - __main__ - INFO - Project key: MSM
2025-10-31 16:38:39,454 - __main__ - WARNING - Could not fetch project name: cannot import name '_create_api_client' from 'api.platform' (C:\Users\rafael.hernandez\Downloads\salesjira_utf8\salesjira_utf8\api\platform.py)
2025-10-31 16:38:39,458 - __main__ - INFO - Loaded 4 issues
2025-10-31 16:38:39,459 - __main__ - INFO - DataFrame columns: ['key', 'resumen', 'descripcion', 'estado', 'asignado_a', 'prioridad', 'issuetype', 'creado', 'actualizado', 'reportero', 'project', 'labels', 'url', 'clave', 'resumen', 'asignado_a', 'prioridad', 'creado', 'actualizado']
2025-10-31 16:38:39,460 - __main__ - INFO - DataFrame shape: (4, 19)
2025-10-31 16:38:39,468 - __main__ - INFO - After search: 4 issues (search term: '')
2025-10-31 16:38:39,468 - __main__ - INFO - After basic filters: 4 issues
2025-10-31 16:38:40,465 - __main__ - WARNING - Could not fetch current user: cannot import name '_create_api_client' from 'api.platform' (C:\Users\rafael.hernandez\Downloads\salesjira_utf8\salesjira_utf8\api\platform.py)
2025-10-31 16:38:40,484 - __main__ - INFO - Project key: MSM
2025-10-31 16:38:40,485 - __main__ - WARNING - Could not fetch project name: cannot import name '_create_api_client' from 'api.platform' (C:\Users\rafael.hernandez\Downloads\salesjira_utf8\salesjira_utf8\api\platform.py)
2025-10-31 16:38:40,489 - __main__ - INFO - Project key: MSM
2025-10-31 16:38:40,489 - __main__ - WARNING - Could not fetch project name: cannot import name '_create_api_client' from 'api.platform' (C:\Users\rafael.hernandez\Downloads\salesjira_utf8\salesjira_utf8\api\platform.py)
2025-10-31 16:38:40,491 - __main__ - INFO - Loaded 4 issues
2025-10-31 16:38:40,491 - __main__ - INFO - DataFrame columns: ['key', 'resumen', 'descripcion', 'estado', 'asignado_a', 'prioridad', 'issuetype', 'creado', 'actualizado', 'reportero', 'project', 'labels', 'url', 'clave', 'resumen', 'asignado_a', 'prioridad', 'creado', 'actualizado']
2025-10-31 16:38:40,492 - __main__ - INFO - DataFrame shape: (4, 19)
2025-10-31 16:38:40,501 - __main__ - INFO - After search: 4 issues (search term: '')
2025-10-31 16:38:40,502 - __main__ - INFO - After basic filters: 4 issues
2025-10-31 16:38:40,603 - __main__ - WARNING - Could not fetch current user: cannot import name '_create_api_client' from 'api.platform' (C:\Users\rafael.hernandez\Downloads\salesjira_utf8\salesjira_utf8\api\platform.py)
2025-10-31 16:38:40,628 - __main__ - INFO - Project key: MSM
2025-10-31 16:38:40,629 - __main__ - WARNING - Could not fetch project name: cannot import name '_create_api_client' from 'api.platform' (C:\Users\rafael.hernandez\Downloads\salesjira_utf8\salesjira_utf8\api\platform.py)
2025-10-31 16:38:40,631 - __main__ - INFO - Project key: MSM
2025-10-31 16:38:40,632 - __main__ - WARNING - Could not fetch project name: cannot import name '_create_api_client' from 'api.platform' (C:\Users\rafael.hernandez\Downloads\salesjira_utf8\salesjira_utf8\api\platform.py)
2025-10-31 16:38:40,634 - __main__ - INFO - Loaded 4 issues
2025-10-31 16:38:40,635 - __main__ - INFO - DataFrame columns: ['key', 'resumen', 'descripcion', 'estado', 'asignado_a', 'prioridad', 'issuetype', 'creado', 'actualizado', 'reportero', 'project', 'labels', 'url', 'clave', 'resumen', 'asignado_a', 'prioridad', 'creado', 'actualizado']
2025-10-31 16:38:40,635 - __main__ - INFO - DataFrame shape: (4, 19)
2025-10-31 16:38:40,641 - __main__ - INFO - After search: 4 issues (search term: '')
2025-10-31 16:38:40,641 - __main__ - INFO - After basic filters: 4 issues
2025-10-31 16:40:33,953 - __main__ - WARNING - Could not fetch current user: cannot import name '_create_api_client' from 'api.platform' (C:\Users\rafael.hernandez\Downloads\salesjira_utf8\salesjira_utf8\api\platform.py)
2025-10-31 16:40:33,962 - __main__ - INFO - Project key: MSM
2025-10-31 16:40:33,962 - __main__ - WARNING - Could not fetch project name: cannot import name '_create_api_client' from 'api.platform' (C:\Users\rafael.hernandez\Downloads\salesjira_utf8\salesjira_utf8\api\platform.py)
2025-10-31 16:40:33,965 - __main__ - INFO - Project key: MSM
2025-10-31 16:40:33,965 - __main__ - WARNING - Could not fetch project name: cannot import name '_create_api_client' from 'api.platform' (C:\Users\rafael.hernandez\Downloads\salesjira_utf8\salesjira_utf8\api\platform.py)
2025-10-31 16:40:33,969 - __main__ - INFO - Loaded 4 issues
2025-10-31 16:40:33,970 - __main__ - INFO - DataFrame columns: ['key', 'resumen', 'descripcion', 'estado', 'asignado_a', 'prioridad', 'issuetype', 'creado', 'actualizado', 'reportero', 'project', 'labels', 'url', 'clave', 'resumen', 'asignado_a', 'prioridad', 'creado', 'actualizado']
2025-10-31 16:40:33,971 - __main__ - INFO - DataFrame shape: (4, 19)
2025-10-31 16:40:33,978 - __main__ - INFO - After search: 4 issues (search term: '')
2025-10-31 16:40:33,978 - __main__ - INFO - After basic filters: 4 issues
2025-10-31 16:40:34,062 - __main__ - WARNING - Could not fetch current user: cannot import name '_create_api_client' from 'api.platform' (C:\Users\rafael.hernandez\Downloads\salesjira_utf8\salesjira_utf8\api\platform.py)
2025-10-31 16:40:34,075 - __main__ - INFO - Project key: MSM
2025-10-31 16:40:34,076 - __main__ - WARNING - Could not fetch project name: cannot import name '_create_api_client' from 'api.platform' (C:\Users\rafael.hernandez\Downloads\salesjira_utf8\salesjira_utf8\api\platform.py)
2025-10-31 16:40:34,078 - __main__ - INFO - Project key: MSM
2025-10-31 16:40:34,078 - __main__ - WARNING - Could not fetch project name: cannot import name '_create_api_client' from 'api.platform' (C:\Users\rafael.hernandez\Downloads\salesjira_utf8\salesjira_utf8\api\platform.py)
2025-10-31 16:40:34,081 - __main__ - INFO - Loaded 4 issues
2025-10-31 16:40:34,082 - __main__ - INFO - DataFrame columns: ['key', 'resumen', 'descripcion', 'estado', 'asignado_a', 'prioridad', 'issuetype', 'creado', 'actualizado', 'reportero', 'project', 'labels', 'url', 'clave', 'resumen', 'asignado_a', 'prioridad', 'creado', 'actualizado']
2025-10-31 16:40:34,082 - __main__ - INFO - DataFrame shape: (4, 19)
2025-10-31 16:40:34,092 - __main__ - INFO - After search: 4 issues (search term: '')
2025-10-31 16:40:34,093 - __main__ - INFO - After basic filters: 4 issues
2025-10-31 16:42:24,485 - __main__ - WARNING - Could not fetch current user: cannot import name '_create_api_client' from 'api.platform' (C:\Users\rafael.hernandez\Downloads\salesjira_utf8\salesjira_utf8\api\platform.py)
2025-10-31 16:42:24,501 - __main__ - INFO - Project key: MSM
2025-10-31 16:42:24,502 - __main__ - WARNING - Could not fetch project name: cannot import name '_create_api_client' from 'api.platform' (C:\Users\rafael.hernandez\Downloads\salesjira_utf8\salesjira_utf8\api\platform.py)
2025-10-31 16:42:24,506 - __main__ - INFO - Project key: MSM
2025-10-31 16:42:24,506 - __main__ - WARNING - Could not fetch project name: cannot import name '_create_api_client' from 'api.platform' (C:\Users\rafael.hernandez\Downloads\salesjira_utf8\salesjira_utf8\api\platform.py)
2025-10-31 16:42:25,381 - __main__ - INFO - Normalized columns: ['prioridad', 'resumen', 'descripcion', 'asignado_a', 'creado', 'actualizado', 'reportero']
2025-10-31 16:42:25,408 - __main__ - INFO - Normalized estado values. Distribution: {'Por hacer': 4}
2025-10-31 16:42:25,409 - __main__ - INFO - Loaded and normalized 4 issues
2025-10-31 16:42:25,409 - __main__ - INFO - DataFrame columns: ['key', 'resumen', 'descripcion', 'estado', 'asignado_a', 'prioridad', 'issuetype', 'creado', 'actualizado', 'reportero', 'project', 'labels', 'url', 'clave', 'resumen', 'asignado_a', 'prioridad', 'creado', 'actualizado']
2025-10-31 16:42:25,411 - __main__ - INFO - Estado distribution: {'Por hacer': 4}
2025-10-31 16:42:25,415 - __main__ - INFO - Loaded 4 issues
2025-10-31 16:42:25,416 - __main__ - INFO - DataFrame columns: ['key', 'resumen', 'descripcion', 'estado', 'asignado_a', 'prioridad', 'issuetype', 'creado', 'actualizado', 'reportero', 'project', 'labels', 'url', 'clave', 'resumen', 'asignado_a', 'prioridad', 'creado', 'actualizado']
2025-10-31 16:42:25,417 - __main__ - INFO - DataFrame shape: (4, 19)
2025-10-31 16:42:25,432 - __main__ - INFO - After search: 4 issues (search term: '')
2025-10-31 16:42:25,434 - __main__ - INFO - After basic filters: 4 issues
